{"/Users/edna.lima/Desktop/Exercicio-2/src/verify-password.js": {"path":"/Users/edna.lima/Desktop/Exercicio-2/src/verify-password.js","all":false,"statementMap":{"0":{"start":{"line":1,"column":0},"end":{"line":1,"column":22}},"1":{"start":{"line":2,"column":0},"end":{"line":2,"column":24}},"2":{"start":{"line":3,"column":0},"end":{"line":3,"column":23}},"3":{"start":{"line":4,"column":0},"end":{"line":4,"column":52}},"4":{"start":{"line":5,"column":0},"end":{"line":5,"column":9}},"5":{"start":{"line":6,"column":0},"end":{"line":6,"column":0}},"6":{"start":{"line":7,"column":0},"end":{"line":7,"column":34}},"7":{"start":{"line":8,"column":0},"end":{"line":8,"column":63}},"8":{"start":{"line":9,"column":0},"end":{"line":9,"column":9}},"9":{"start":{"line":10,"column":0},"end":{"line":10,"column":0}},"10":{"start":{"line":11,"column":0},"end":{"line":11,"column":34}},"11":{"start":{"line":12,"column":0},"end":{"line":12,"column":63}},"12":{"start":{"line":13,"column":0},"end":{"line":13,"column":9}},"13":{"start":{"line":14,"column":0},"end":{"line":14,"column":0}},"14":{"start":{"line":15,"column":0},"end":{"line":15,"column":57}},"15":{"start":{"line":16,"column":0},"end":{"line":16,"column":68}},"16":{"start":{"line":17,"column":0},"end":{"line":17,"column":9}},"17":{"start":{"line":18,"column":0},"end":{"line":18,"column":0}},"18":{"start":{"line":19,"column":0},"end":{"line":19,"column":58}},"19":{"start":{"line":20,"column":0},"end":{"line":20,"column":69}},"20":{"start":{"line":21,"column":0},"end":{"line":21,"column":9}},"21":{"start":{"line":22,"column":0},"end":{"line":22,"column":8}},"22":{"start":{"line":23,"column":0},"end":{"line":23,"column":60}},"23":{"start":{"line":24,"column":0},"end":{"line":24,"column":69}},"24":{"start":{"line":25,"column":0},"end":{"line":25,"column":9}},"25":{"start":{"line":26,"column":0},"end":{"line":26,"column":0}},"26":{"start":{"line":27,"column":0},"end":{"line":27,"column":4}},"27":{"start":{"line":28,"column":0},"end":{"line":28,"column":0}},"28":{"start":{"line":29,"column":0},"end":{"line":29,"column":16}},"29":{"start":{"line":30,"column":0},"end":{"line":30,"column":26}},"30":{"start":{"line":31,"column":0},"end":{"line":31,"column":20}},"31":{"start":{"line":32,"column":0},"end":{"line":32,"column":9}},"32":{"start":{"line":33,"column":0},"end":{"line":33,"column":5}},"33":{"start":{"line":34,"column":0},"end":{"line":34,"column":1}},"34":{"start":{"line":35,"column":0},"end":{"line":35,"column":0}},"35":{"start":{"line":36,"column":0},"end":{"line":36,"column":31}}},"s":{"0":1,"1":1,"2":7,"3":1,"4":1,"5":6,"6":7,"7":1,"8":1,"9":5,"10":7,"11":1,"12":1,"13":4,"14":7,"15":1,"16":1,"17":3,"18":7,"19":1,"20":1,"21":2,"22":7,"23":1,"24":1,"25":1,"26":1,"27":1,"28":1,"29":1,"30":1,"31":1,"32":1,"33":1,"34":1,"35":1},"branchMap":{"0":{"type":"branch","line":2,"loc":{"start":{"line":2,"column":4},"end":{"line":33,"column":5}},"locations":[{"start":{"line":2,"column":4},"end":{"line":33,"column":5}}]},"1":{"type":"branch","line":3,"loc":{"start":{"line":3,"column":22},"end":{"line":5,"column":9}},"locations":[{"start":{"line":3,"column":22},"end":{"line":5,"column":9}}]},"2":{"type":"branch","line":5,"loc":{"start":{"line":5,"column":8},"end":{"line":7,"column":33}},"locations":[{"start":{"line":5,"column":8},"end":{"line":7,"column":33}}]},"3":{"type":"branch","line":7,"loc":{"start":{"line":7,"column":33},"end":{"line":9,"column":9}},"locations":[{"start":{"line":7,"column":33},"end":{"line":9,"column":9}}]},"4":{"type":"branch","line":9,"loc":{"start":{"line":9,"column":8},"end":{"line":11,"column":33}},"locations":[{"start":{"line":9,"column":8},"end":{"line":11,"column":33}}]},"5":{"type":"branch","line":11,"loc":{"start":{"line":11,"column":33},"end":{"line":13,"column":9}},"locations":[{"start":{"line":11,"column":33},"end":{"line":13,"column":9}}]},"6":{"type":"branch","line":13,"loc":{"start":{"line":13,"column":8},"end":{"line":15,"column":55}},"locations":[{"start":{"line":13,"column":8},"end":{"line":15,"column":55}}]},"7":{"type":"branch","line":15,"loc":{"start":{"line":15,"column":55},"end":{"line":17,"column":9}},"locations":[{"start":{"line":15,"column":55},"end":{"line":17,"column":9}}]},"8":{"type":"branch","line":17,"loc":{"start":{"line":17,"column":8},"end":{"line":19,"column":57}},"locations":[{"start":{"line":17,"column":8},"end":{"line":19,"column":57}}]},"9":{"type":"branch","line":19,"loc":{"start":{"line":19,"column":57},"end":{"line":21,"column":9}},"locations":[{"start":{"line":19,"column":57},"end":{"line":21,"column":9}}]},"10":{"type":"branch","line":21,"loc":{"start":{"line":21,"column":8},"end":{"line":23,"column":59}},"locations":[{"start":{"line":21,"column":8},"end":{"line":23,"column":59}}]},"11":{"type":"branch","line":23,"loc":{"start":{"line":23,"column":59},"end":{"line":33,"column":5}},"locations":[{"start":{"line":23,"column":59},"end":{"line":33,"column":5}}]}},"b":{"0":[7],"1":[1],"2":[6],"3":[1],"4":[5],"5":[1],"6":[4],"7":[1],"8":[3],"9":[1],"10":[2],"11":[1]},"fnMap":{"0":{"name":"isStrong","decl":{"start":{"line":2,"column":4},"end":{"line":33,"column":5}},"loc":{"start":{"line":2,"column":4},"end":{"line":33,"column":5}},"line":2}},"f":{"0":7}}
}
