TN:
SF:src/verify-password.js
FN:2,isStrong
FNF:1
FNH:1
FNDA:7,isStrong
DA:1,1
DA:2,1
DA:3,7
DA:4,1
DA:5,1
DA:6,6
DA:7,7
DA:8,1
DA:9,1
DA:10,5
DA:11,7
DA:12,1
DA:13,1
DA:14,4
DA:15,7
DA:16,1
DA:17,1
DA:18,3
DA:19,7
DA:20,1
DA:21,1
DA:22,2
DA:23,7
DA:24,1
DA:25,1
DA:26,1
DA:27,1
DA:28,1
DA:29,1
DA:30,1
DA:31,1
DA:32,1
DA:33,1
DA:34,1
DA:35,1
DA:36,1
LF:36
LH:36
BRDA:2,0,0,7
BRDA:3,1,0,1
BRDA:5,2,0,6
BRDA:7,3,0,1
BRDA:9,4,0,5
BRDA:11,5,0,1
BRDA:13,6,0,4
BRDA:15,7,0,1
BRDA:17,8,0,3
BRDA:19,9,0,1
BRDA:21,10,0,2
BRDA:23,11,0,1
BRF:12
BRH:12
end_of_record
